<?xml version="1.0" encoding="UTF-8"?>
<testsuite xmlns:xsi="http://www.w3.org/2001/XMLSchema-instance" xsi:noNamespaceSchemaLocation="https://maven.apache.org/surefire/maven-surefire-plugin/xsd/surefire-test-report.xsd" name="se.kth.iv1350.pos.model.ItemTest" time="0" tests="3" errors="0" skipped="0" failures="0">
  <properties>
    <property name="java.specification.version" value="21"/>
    <property name="sun.jnu.encoding" value="UTF-8"/>
    <property name="java.class.path" value="/Users/andreasfernandez/Documents/GitHub/pos/target/test-classes:/Users/andreasfernandez/Documents/GitHub/pos/target/classes:/Users/andreasfernandez/.m2/repository/org/openjfx/javafx-controls/13.0.2/javafx-controls-13.0.2.jar:/Users/andreasfernandez/.m2/repository/org/openjfx/javafx-controls/13.0.2/javafx-controls-13.0.2-mac.jar:/Users/andreasfernandez/.m2/repository/org/openjfx/javafx-graphics/13.0.2/javafx-graphics-13.0.2.jar:/Users/andreasfernandez/.m2/repository/org/openjfx/javafx-graphics/13.0.2/javafx-graphics-13.0.2-mac.jar:/Users/andreasfernandez/.m2/repository/org/openjfx/javafx-base/13.0.2/javafx-base-13.0.2.jar:/Users/andreasfernandez/.m2/repository/org/openjfx/javafx-base/13.0.2/javafx-base-13.0.2-mac.jar:/Users/andreasfernandez/.m2/repository/org/junit/jupiter/junit-jupiter-engine/5.6.0/junit-jupiter-engine-5.6.0.jar:/Users/andreasfernandez/.m2/repository/org/apiguardian/apiguardian-api/1.1.0/apiguardian-api-1.1.0.jar:/Users/andreasfernandez/.m2/repository/org/junit/platform/junit-platform-engine/1.6.0/junit-platform-engine-1.6.0.jar:/Users/andreasfernandez/.m2/repository/org/opentest4j/opentest4j/1.2.0/opentest4j-1.2.0.jar:/Users/andreasfernandez/.m2/repository/org/junit/platform/junit-platform-commons/1.6.0/junit-platform-commons-1.6.0.jar:/Users/andreasfernandez/.m2/repository/org/junit/jupiter/junit-jupiter-api/5.6.0/junit-jupiter-api-5.6.0.jar:"/>
    <property name="java.vm.vendor" value="Homebrew"/>
    <property name="sun.arch.data.model" value="64"/>
    <property name="java.vendor.url" value="https://github.com/Homebrew/homebrew-core/issues"/>
    <property name="os.name" value="Mac OS X"/>
    <property name="java.vm.specification.version" value="21"/>
    <property name="sun.java.launcher" value="SUN_STANDARD"/>
    <property name="user.country" value="SE"/>
    <property name="sun.boot.library.path" value="/opt/homebrew/Cellar/openjdk/21.0.3/libexec/openjdk.jdk/Contents/Home/lib"/>
    <property name="sun.java.command" value="/Users/andreasfernandez/Documents/GitHub/pos/target/surefire/surefirebooter11257993881372465683.jar /Users/andreasfernandez/Documents/GitHub/pos/target/surefire 2024-05-27T10-55-33_679-jvmRun1 surefire15424013757526339153tmp surefire_017475195706552215304tmp"/>
    <property name="jdk.debug" value="release"/>
    <property name="surefire.test.class.path" value="/Users/andreasfernandez/Documents/GitHub/pos/target/test-classes:/Users/andreasfernandez/Documents/GitHub/pos/target/classes:/Users/andreasfernandez/.m2/repository/org/openjfx/javafx-controls/13.0.2/javafx-controls-13.0.2.jar:/Users/andreasfernandez/.m2/repository/org/openjfx/javafx-controls/13.0.2/javafx-controls-13.0.2-mac.jar:/Users/andreasfernandez/.m2/repository/org/openjfx/javafx-graphics/13.0.2/javafx-graphics-13.0.2.jar:/Users/andreasfernandez/.m2/repository/org/openjfx/javafx-graphics/13.0.2/javafx-graphics-13.0.2-mac.jar:/Users/andreasfernandez/.m2/repository/org/openjfx/javafx-base/13.0.2/javafx-base-13.0.2.jar:/Users/andreasfernandez/.m2/repository/org/openjfx/javafx-base/13.0.2/javafx-base-13.0.2-mac.jar:/Users/andreasfernandez/.m2/repository/org/junit/jupiter/junit-jupiter-engine/5.6.0/junit-jupiter-engine-5.6.0.jar:/Users/andreasfernandez/.m2/repository/org/apiguardian/apiguardian-api/1.1.0/apiguardian-api-1.1.0.jar:/Users/andreasfernandez/.m2/repository/org/junit/platform/junit-platform-engine/1.6.0/junit-platform-engine-1.6.0.jar:/Users/andreasfernandez/.m2/repository/org/opentest4j/opentest4j/1.2.0/opentest4j-1.2.0.jar:/Users/andreasfernandez/.m2/repository/org/junit/platform/junit-platform-commons/1.6.0/junit-platform-commons-1.6.0.jar:/Users/andreasfernandez/.m2/repository/org/junit/jupiter/junit-jupiter-api/5.6.0/junit-jupiter-api-5.6.0.jar:"/>
    <property name="sun.cpu.endian" value="little"/>
    <property name="user.home" value="/Users/andreasfernandez"/>
    <property name="user.language" value="sv"/>
    <property name="java.specification.vendor" value="Oracle Corporation"/>
    <property name="java.version.date" value="2024-04-16"/>
    <property name="java.home" value="/opt/homebrew/Cellar/openjdk/21.0.3/libexec/openjdk.jdk/Contents/Home"/>
    <property name="file.separator" value="/"/>
    <property name="basedir" value="/Users/andreasfernandez/Documents/GitHub/pos"/>
    <property name="java.vm.compressedOopsMode" value="Zero based"/>
    <property name="line.separator" value="&#10;"/>
    <property name="java.specification.name" value="Java Platform API Specification"/>
    <property name="java.vm.specification.vendor" value="Oracle Corporation"/>
    <property name="apple.awt.application.name" value="ForkedBooter"/>
    <property name="surefire.real.class.path" value="/Users/andreasfernandez/Documents/GitHub/pos/target/surefire/surefirebooter11257993881372465683.jar"/>
    <property name="sun.management.compiler" value="HotSpot 64-Bit Tiered Compilers"/>
    <property name="java.runtime.version" value="21.0.3"/>
    <property name="user.name" value="andreasfernandez"/>
    <property name="stdout.encoding" value="UTF-8"/>
    <property name="path.separator" value=":"/>
    <property name="os.version" value="14.5"/>
    <property name="java.runtime.name" value="OpenJDK Runtime Environment"/>
    <property name="file.encoding" value="UTF-8"/>
    <property name="java.vm.name" value="OpenJDK 64-Bit Server VM"/>
    <property name="java.vendor.version" value="Homebrew"/>
    <property name="localRepository" value="/Users/andreasfernandez/.m2/repository"/>
    <property name="java.vendor.url.bug" value="https://github.com/Homebrew/homebrew-core/issues"/>
    <property name="java.io.tmpdir" value="/var/folders/v7/t0gn5lq55079cdlyd554pmbm0000gn/T/"/>
    <property name="java.version" value="21.0.3"/>
    <property name="user.dir" value="/Users/andreasfernandez/Documents/GitHub/pos"/>
    <property name="os.arch" value="aarch64"/>
    <property name="java.vm.specification.name" value="Java Virtual Machine Specification"/>
    <property name="native.encoding" value="UTF-8"/>
    <property name="java.library.path" value="/Users/andreasfernandez/Library/Java/Extensions:/Library/Java/Extensions:/Network/Library/Java/Extensions:/System/Library/Java/Extensions:/usr/lib/java:."/>
    <property name="java.vm.info" value="mixed mode, sharing"/>
    <property name="stderr.encoding" value="UTF-8"/>
    <property name="java.vendor" value="Homebrew"/>
    <property name="java.vm.version" value="21.0.3"/>
    <property name="sun.io.unicode.encoding" value="UnicodeBig"/>
    <property name="java.class.version" value="65.0"/>
  </properties>
  <testcase name="testFetchItemIDReturnsCorrectItemID" classname="se.kth.iv1350.pos.model.ItemTest" time="0"/>
  <testcase name="testFetchItemDTOReturnsCorrectItemDTO" classname="se.kth.iv1350.pos.model.ItemTest" time="0"/>
  <testcase name="testFetchItemQuantityReturnsCorrectItemQuantity" classname="se.kth.iv1350.pos.model.ItemTest" time="0"/>
</testsuite>